[16:05:19] [modloading-worker-1/INFO] Registered plugin provider DefaultPlugin [roughlyenoughitems] for REIServerPlugin
[16:05:19] [modloading-worker-1/INFO] Registered plugin provider DefaultPlugin [roughlyenoughitems] for REIPlugin
[16:05:19] [modloading-worker-1/INFO] Registered plugin provider DefaultRuntimePlugin [roughlyenoughitems] for REIServerPlugin
[16:05:19] [modloading-worker-1/INFO] Registered plugin provider DefaultRuntimePlugin [roughlyenoughitems] for REIPlugin
[16:05:19] [modloading-worker-1/INFO] Registered plugin provider JEIExtraPlugin [roughlyenoughitems] for REIServerPlugin
[16:05:19] [modloading-worker-1/INFO] Registered plugin provider JEIExtraPlugin [roughlyenoughitems] for REIPlugin
[16:06:01] [Worker-Main-6/DEBUG] [START] Reloading Section: "pre-register/"
[16:06:01] [Worker-Main-6/DEBUG] [START] Reloading Section: "pre-register/DefaultPlugin [roughlyenoughitems]/"
[16:06:01] [Worker-Main-6/DEBUG] [START] Reloading Section: "pre-register/DefaultPlugin [roughlyenoughitems]/" done in 1.033 ms
[16:06:01] [Worker-Main-6/DEBUG] [START] Reloading Section: "pre-register/JEIExtraPlugin [roughlyenoughitems]/"
[16:06:01] [Worker-Main-6/DEBUG] [START] Reloading Section: "pre-register/JEIExtraPlugin [roughlyenoughitems]/" done in 20.83 μs
[16:06:01] [Worker-Main-6/DEBUG] [START] Reloading Section: "pre-register/DefaultRuntimePlugin [roughlyenoughitems]/"
[16:06:01] [Worker-Main-6/DEBUG] [START] Reloading Section: "pre-register/DefaultRuntimePlugin [roughlyenoughitems]/" done in 18.70 μs
[16:06:01] [Worker-Main-6/DEBUG] [START] Reloading Section: "pre-register/" done in 29.32 ms
[16:06:01] [Worker-Main-6/DEBUG] [START] Reloading Section: "pre-register/"
[16:06:01] [Worker-Main-6/DEBUG] [START] Reloading Section: "pre-register/DefaultPlugin [roughlyenoughitems]/"
[16:06:01] [Worker-Main-6/DEBUG] [START] Reloading Section: "pre-register/DefaultPlugin [roughlyenoughitems]/" done in 21.52 μs
[16:06:01] [Worker-Main-6/DEBUG] [START] Reloading Section: "pre-register/JEIExtraPlugin [roughlyenoughitems]/"
[16:06:01] [Worker-Main-6/DEBUG] [START] Reloading Section: "pre-register/JEIExtraPlugin [roughlyenoughitems]/" done in 8.596 μs
[16:06:01] [Worker-Main-6/DEBUG] [START] Reloading Section: "pre-register/DefaultRuntimePlugin [roughlyenoughitems]/"
[16:06:01] [Worker-Main-6/DEBUG] [START] Reloading Section: "pre-register/DefaultRuntimePlugin [roughlyenoughitems]/" done in 8.416 μs
[16:06:01] [Worker-Main-6/DEBUG] [START] Reloading Section: "pre-register/" done in 641.8 μs
[16:06:01] [Worker-Main-6/DEBUG] [START] Reloading Section: "start-reload/"
[16:06:01] [Worker-Main-6/DEBUG] [START] Reloading Section: "start-reload/EntryTypeRegistryImpl/"
[16:06:01] [Worker-Main-6/DEBUG] [START] Reloading Section: "start-reload/EntryTypeRegistryImpl/" done in 235.3 μs
[16:06:01] [Worker-Main-6/DEBUG] [START] Reloading Section: "start-reload/EntrySettingsAdapterRegistryImpl/"
[16:06:01] [Worker-Main-6/DEBUG] [START] Reloading Section: "start-reload/EntrySettingsAdapterRegistryImpl/" done in 14.54 μs
[16:06:01] [Worker-Main-6/DEBUG] [START] Reloading Section: "start-reload/RecipeManagerContextImpl/"
[16:06:01] [Worker-Main-6/DEBUG] [START] Reloading Section: "start-reload/RecipeManagerContextImpl/" done in 7.314 μs
[16:06:01] [Worker-Main-6/DEBUG] [START] Reloading Section: "start-reload/ItemComparatorRegistryImpl/"
[16:06:01] [Worker-Main-6/DEBUG] [START] Reloading Section: "start-reload/ItemComparatorRegistryImpl/" done in 30.49 μs
[16:06:01] [Worker-Main-6/DEBUG] [START] Reloading Section: "start-reload/FluidComparatorRegistryImpl/"
[16:06:01] [Worker-Main-6/DEBUG] [START] Reloading Section: "start-reload/FluidComparatorRegistryImpl/" done in 9.708 μs
[16:06:01] [Worker-Main-6/DEBUG] [START] Reloading Section: "start-reload/DisplaySerializerRegistryImpl/"
[16:06:01] [Worker-Main-6/DEBUG] [START] Reloading Section: "start-reload/DisplaySerializerRegistryImpl/" done in 9.358 μs
[16:06:01] [Worker-Main-6/DEBUG] [START] Reloading Section: "start-reload/FluidSupportProviderImpl/"
[16:06:01] [Worker-Main-6/DEBUG] [START] Reloading Section: "start-reload/FluidSupportProviderImpl/" done in 23.08 μs
[16:06:01] [Worker-Main-6/DEBUG] [START] Reloading Section: "start-reload/" done in 2.065 ms
[16:06:01] [Worker-Main-6/INFO] Reloading Plugin Manager [REIPlugin] stage [START], registered 3 plugins: DefaultRuntimePlugin [roughlyenoughitems], JEIExtraPlugin [roughlyenoughitems], DefaultPlugin [roughlyenoughitems]
[16:06:01] [Worker-Main-6/DEBUG] [START] Reloading Section: "reloadable-plugin/EntryTypeRegistryImpl/"
[16:06:01] [Worker-Main-6/DEBUG] [START] Reloading Section: "reloadable-plugin/EntryTypeRegistryImpl/DefaultPlugin [roughlyenoughitems]/"
[16:06:01] [Worker-Main-6/DEBUG] [START] Reloading Section: "reloadable-plugin/EntryTypeRegistryImpl/DefaultPlugin [roughlyenoughitems]/" done in 33.28 μs
[16:06:01] [Worker-Main-6/DEBUG] [START] Reloading Section: "reloadable-plugin/EntryTypeRegistryImpl/JEIExtraPlugin [roughlyenoughitems]/"
[16:06:01] [Worker-Main-6/DEBUG] [START] Reloading Section: "reloadable-plugin/EntryTypeRegistryImpl/JEIExtraPlugin [roughlyenoughitems]/" done in 11.93 μs
[16:06:01] [Worker-Main-6/DEBUG] [START] Reloading Section: "reloadable-plugin/EntryTypeRegistryImpl/DefaultRuntimePlugin [roughlyenoughitems]/"
[16:06:02] [Worker-Main-6/DEBUG] [START] Reloading Section: "reloadable-plugin/EntryTypeRegistryImpl/DefaultRuntimePlugin [roughlyenoughitems]/" done in 20.36 ms
[16:06:02] [Worker-Main-6/DEBUG] [START] Reloading Section: "reloadable-plugin/EntryTypeRegistryImpl/" done in 21.41 ms
[16:06:02] [Worker-Main-6/DEBUG] [START] Reloading Section: "reloadable-plugin/EntrySettingsAdapterRegistryImpl/"
[16:06:02] [Worker-Main-6/DEBUG] [START] Reloading Section: "reloadable-plugin/EntrySettingsAdapterRegistryImpl/DefaultPlugin [roughlyenoughitems]/"
[16:06:02] [Worker-Main-6/DEBUG] [START] Reloading Section: "reloadable-plugin/EntrySettingsAdapterRegistryImpl/DefaultPlugin [roughlyenoughitems]/" done in 13.16 μs
[16:06:02] [Worker-Main-6/DEBUG] [START] Reloading Section: "reloadable-plugin/EntrySettingsAdapterRegistryImpl/JEIExtraPlugin [roughlyenoughitems]/"
[16:06:02] [Worker-Main-6/DEBUG] [START] Reloading Section: "reloadable-plugin/EntrySettingsAdapterRegistryImpl/JEIExtraPlugin [roughlyenoughitems]/" done in 11.44 μs
[16:06:02] [Worker-Main-6/DEBUG] [START] Reloading Section: "reloadable-plugin/EntrySettingsAdapterRegistryImpl/DefaultRuntimePlugin [roughlyenoughitems]/"
[16:06:02] [Worker-Main-6/DEBUG] [START] Reloading Section: "reloadable-plugin/EntrySettingsAdapterRegistryImpl/DefaultRuntimePlugin [roughlyenoughitems]/" done in 11.40 μs
[16:06:02] [Worker-Main-6/DEBUG] [START] Reloading Section: "reloadable-plugin/EntrySettingsAdapterRegistryImpl/" done in 584.9 μs
[16:06:02] [Worker-Main-6/DEBUG] [START] Reloading Section: "reloadable-plugin/RecipeManagerContextImpl/"
[16:06:02] [Worker-Main-6/DEBUG] [START] Reloading Section: "reloadable-plugin/RecipeManagerContextImpl/DefaultPlugin [roughlyenoughitems]/"
[16:06:02] [Worker-Main-6/DEBUG] [START] Reloading Section: "reloadable-plugin/RecipeManagerContextImpl/DefaultPlugin [roughlyenoughitems]/" done in 21.06 μs
[16:06:02] [Worker-Main-6/DEBUG] [START] Reloading Section: "reloadable-plugin/RecipeManagerContextImpl/JEIExtraPlugin [roughlyenoughitems]/"
[16:06:02] [Worker-Main-6/DEBUG] [START] Reloading Section: "reloadable-plugin/RecipeManagerContextImpl/JEIExtraPlugin [roughlyenoughitems]/" done in 10.64 μs
[16:06:02] [Worker-Main-6/DEBUG] [START] Reloading Section: "reloadable-plugin/RecipeManagerContextImpl/DefaultRuntimePlugin [roughlyenoughitems]/"
[16:06:02] [Worker-Main-6/DEBUG] [START] Reloading Section: "reloadable-plugin/RecipeManagerContextImpl/DefaultRuntimePlugin [roughlyenoughitems]/" done in 10.92 μs
[16:06:02] [Worker-Main-6/DEBUG] [START] Reloading Section: "reloadable-plugin/RecipeManagerContextImpl/" done in 559.4 μs
[16:06:02] [Worker-Main-6/DEBUG] [START] Reloading Section: "reloadable-plugin/ItemComparatorRegistryImpl/"
[16:06:02] [Worker-Main-6/DEBUG] [START] Reloading Section: "reloadable-plugin/ItemComparatorRegistryImpl/DefaultPlugin [roughlyenoughitems]/"
[16:06:02] [Worker-Main-6/DEBUG] [START] Reloading Section: "reloadable-plugin/ItemComparatorRegistryImpl/DefaultPlugin [roughlyenoughitems]/" done in 622.9 μs
[16:06:02] [Worker-Main-6/DEBUG] [START] Reloading Section: "reloadable-plugin/ItemComparatorRegistryImpl/JEIExtraPlugin [roughlyenoughitems]/"
[16:06:02] [Worker-Main-6/DEBUG] [START] Reloading Section: "reloadable-plugin/ItemComparatorRegistryImpl/JEIExtraPlugin [roughlyenoughitems]/" done in 13.12 μs
[16:06:02] [Worker-Main-6/DEBUG] [START] Reloading Section: "reloadable-plugin/ItemComparatorRegistryImpl/DefaultRuntimePlugin [roughlyenoughitems]/"
[16:06:02] [Worker-Main-6/DEBUG] [START] Reloading Section: "reloadable-plugin/ItemComparatorRegistryImpl/DefaultRuntimePlugin [roughlyenoughitems]/" done in 11.25 μs
[16:06:02] [Worker-Main-6/DEBUG] [START] Reloading Section: "reloadable-plugin/ItemComparatorRegistryImpl/" done in 1.284 ms
[16:06:02] [Worker-Main-6/DEBUG] [START] Reloading Section: "reloadable-plugin/FluidComparatorRegistryImpl/"
[16:06:02] [Worker-Main-6/DEBUG] [START] Reloading Section: "reloadable-plugin/FluidComparatorRegistryImpl/DefaultPlugin [roughlyenoughitems]/"
[16:06:02] [Worker-Main-6/DEBUG] [START] Reloading Section: "reloadable-plugin/FluidComparatorRegistryImpl/DefaultPlugin [roughlyenoughitems]/" done in 18.15 μs
[16:06:02] [Worker-Main-6/DEBUG] [START] Reloading Section: "reloadable-plugin/FluidComparatorRegistryImpl/JEIExtraPlugin [roughlyenoughitems]/"
[16:06:02] [Worker-Main-6/DEBUG] [START] Reloading Section: "reloadable-plugin/FluidComparatorRegistryImpl/JEIExtraPlugin [roughlyenoughitems]/" done in 10.79 μs
[16:06:02] [Worker-Main-6/DEBUG] [START] Reloading Section: "reloadable-plugin/FluidComparatorRegistryImpl/DefaultRuntimePlugin [roughlyenoughitems]/"
[16:06:02] [Worker-Main-6/DEBUG] [START] Reloading Section: "reloadable-plugin/FluidComparatorRegistryImpl/DefaultRuntimePlugin [roughlyenoughitems]/" done in 11.14 μs
[16:06:02] [Worker-Main-6/DEBUG] [START] Reloading Section: "reloadable-plugin/FluidComparatorRegistryImpl/" done in 568.5 μs
[16:06:02] [Worker-Main-6/DEBUG] [START] Reloading Section: "reloadable-plugin/DisplaySerializerRegistryImpl/"
[16:06:02] [Worker-Main-6/DEBUG] [START] Reloading Section: "reloadable-plugin/DisplaySerializerRegistryImpl/DefaultPlugin [roughlyenoughitems]/"
[16:06:02] [Worker-Main-6/DEBUG] [START] Reloading Section: "reloadable-plugin/DisplaySerializerRegistryImpl/DefaultPlugin [roughlyenoughitems]/" done in 12.05 μs
[16:06:02] [Worker-Main-6/DEBUG] [START] Reloading Section: "reloadable-plugin/DisplaySerializerRegistryImpl/JEIExtraPlugin [roughlyenoughitems]/"
[16:06:02] [Worker-Main-6/DEBUG] [START] Reloading Section: "reloadable-plugin/DisplaySerializerRegistryImpl/JEIExtraPlugin [roughlyenoughitems]/" done in 10.72 μs
[16:06:02] [Worker-Main-6/DEBUG] [START] Reloading Section: "reloadable-plugin/DisplaySerializerRegistryImpl/DefaultRuntimePlugin [roughlyenoughitems]/"
[16:06:02] [Worker-Main-6/DEBUG] [START] Reloading Section: "reloadable-plugin/DisplaySerializerRegistryImpl/DefaultRuntimePlugin [roughlyenoughitems]/" done in 11.48 μs
[16:06:02] [Worker-Main-6/DEBUG] [START] Reloading Section: "reloadable-plugin/DisplaySerializerRegistryImpl/" done in 607.4 μs
[16:06:02] [Worker-Main-6/DEBUG] [START] Reloading Section: "reloadable-plugin/FluidSupportProviderImpl/"
[16:06:02] [Worker-Main-6/DEBUG] [START] Reloading Section: "reloadable-plugin/FluidSupportProviderImpl/DefaultPlugin [roughlyenoughitems]/"
[16:06:02] [Worker-Main-6/DEBUG] [START] Reloading Section: "reloadable-plugin/FluidSupportProviderImpl/DefaultPlugin [roughlyenoughitems]/" done in 2.529 ms
[16:06:02] [Worker-Main-6/DEBUG] [START] Reloading Section: "reloadable-plugin/FluidSupportProviderImpl/JEIExtraPlugin [roughlyenoughitems]/"
[16:06:02] [Worker-Main-6/DEBUG] [START] Reloading Section: "reloadable-plugin/FluidSupportProviderImpl/JEIExtraPlugin [roughlyenoughitems]/" done in 13.41 μs
[16:06:02] [Worker-Main-6/DEBUG] [START] Reloading Section: "reloadable-plugin/FluidSupportProviderImpl/DefaultRuntimePlugin [roughlyenoughitems]/"
[16:06:02] [Worker-Main-6/DEBUG] [START] Reloading Section: "reloadable-plugin/FluidSupportProviderImpl/DefaultRuntimePlugin [roughlyenoughitems]/" done in 11.51 μs
[16:06:02] [Worker-Main-6/DEBUG] [START] Reloading Section: "reloadable-plugin/FluidSupportProviderImpl/" done in 3.113 ms
[16:06:02] [Worker-Main-6/DEBUG] [START] Reloading Section: "end-reload/"
[16:06:02] [Worker-Main-6/DEBUG] [START] Reloading Section: "end-reload/EntryTypeRegistryImpl/"
[16:06:02] [Worker-Main-6/DEBUG] [START] Reloading Section: "end-reload/EntryTypeRegistryImpl/" done in 13.58 μs
[16:06:02] [Worker-Main-6/DEBUG] [START] Reloading Section: "end-reload/EntrySettingsAdapterRegistryImpl/"
[16:06:02] [Worker-Main-6/DEBUG] [START] Reloading Section: "end-reload/EntrySettingsAdapterRegistryImpl/" done in 6.493 μs
[16:06:02] [Worker-Main-6/DEBUG] [START] Reloading Section: "end-reload/RecipeManagerContextImpl/"
[16:06:02] [Worker-Main-6/DEBUG] [START] Reloading Section: "end-reload/RecipeManagerContextImpl/" done in 6.342 μs
[16:06:02] [Worker-Main-6/DEBUG] [START] Reloading Section: "end-reload/ItemComparatorRegistryImpl/"
[16:06:02] [Worker-Main-6/DEBUG] [START] Reloading Section: "end-reload/ItemComparatorRegistryImpl/" done in 6.472 μs
[16:06:02] [Worker-Main-6/DEBUG] [START] Reloading Section: "end-reload/FluidComparatorRegistryImpl/"
[16:06:02] [Worker-Main-6/DEBUG] [START] Reloading Section: "end-reload/FluidComparatorRegistryImpl/" done in 6.242 μs
[16:06:02] [Worker-Main-6/DEBUG] [START] Reloading Section: "end-reload/DisplaySerializerRegistryImpl/"
[16:06:02] [Worker-Main-6/DEBUG] [START] Reloading Section: "end-reload/DisplaySerializerRegistryImpl/" done in 6.422 μs
[16:06:02] [Worker-Main-6/DEBUG] [START] Reloading Section: "end-reload/FluidSupportProviderImpl/"
[16:06:02] [Worker-Main-6/DEBUG] [START] Reloading Section: "end-reload/FluidSupportProviderImpl/" done in 7.163 μs
[16:06:02] [Worker-Main-6/DEBUG] [START] Reloading Section: "end-reload/" done in 1.036 ms
[16:06:02] [Worker-Main-6/INFO] Reloaded Plugin Manager [REIPlugin] with 2 entry types, 5 item comparators, 0 fluid comparators and 2 fluid support providers in 36ms.
[16:06:02] [Worker-Main-6/DEBUG] [START] Reloading Section: "start-reload/"
[16:06:02] [Worker-Main-6/DEBUG] [START] Reloading Section: "start-reload/MenuInfoRegistryImpl/"
[16:06:02] [Worker-Main-6/DEBUG] [START] Reloading Section: "start-reload/MenuInfoRegistryImpl/" done in 7.745 μs
[16:06:02] [Worker-Main-6/DEBUG] [START] Reloading Section: "start-reload/" done in 150.8 μs
[16:06:02] [Worker-Main-6/INFO] Reloading Plugin Manager [REIServerPlugin] stage [START], registered 3 plugins: DefaultRuntimePlugin [roughlyenoughitems], JEIExtraPlugin [roughlyenoughitems], DefaultPlugin [roughlyenoughitems]
[16:06:02] [Worker-Main-6/DEBUG] [START] Reloading Section: "reloadable-plugin/MenuInfoRegistryImpl/"
[16:06:02] [Worker-Main-6/DEBUG] [START] Reloading Section: "reloadable-plugin/MenuInfoRegistryImpl/DefaultPlugin [roughlyenoughitems]/"
[16:06:02] [Worker-Main-6/DEBUG] [START] Reloading Section: "reloadable-plugin/MenuInfoRegistryImpl/DefaultPlugin [roughlyenoughitems]/" done in 8.806 μs
[16:06:02] [Worker-Main-6/DEBUG] [START] Reloading Section: "reloadable-plugin/MenuInfoRegistryImpl/JEIExtraPlugin [roughlyenoughitems]/"
[16:06:02] [Worker-Main-6/DEBUG] [START] Reloading Section: "reloadable-plugin/MenuInfoRegistryImpl/JEIExtraPlugin [roughlyenoughitems]/" done in 8.376 μs
[16:06:02] [Worker-Main-6/DEBUG] [START] Reloading Section: "reloadable-plugin/MenuInfoRegistryImpl/DefaultRuntimePlugin [roughlyenoughitems]/"
[16:06:02] [Worker-Main-6/DEBUG] [START] Reloading Section: "reloadable-plugin/MenuInfoRegistryImpl/DefaultRuntimePlugin [roughlyenoughitems]/" done in 8.425 μs
[16:06:02] [Worker-Main-6/DEBUG] [START] Reloading Section: "reloadable-plugin/MenuInfoRegistryImpl/" done in 527.0 μs
[16:06:02] [Worker-Main-6/DEBUG] [START] Reloading Section: "end-reload/"
[16:06:02] [Worker-Main-6/DEBUG] [START] Reloading Section: "end-reload/MenuInfoRegistryImpl/"
[16:06:02] [Worker-Main-6/DEBUG] [START] Reloading Section: "end-reload/MenuInfoRegistryImpl/" done in 7.324 μs
[16:06:02] [Worker-Main-6/DEBUG] [START] Reloading Section: "end-reload/" done in 155.2 μs
[16:06:02] [Worker-Main-6/INFO] Reloaded Plugin Manager [REIServerPlugin] with 0 menu infos in 2ms.
[16:06:02] [Worker-Main-6/DEBUG] [START] Reloading Section: "post-register/"
[16:06:02] [Worker-Main-6/DEBUG] [START] Reloading Section: "post-register/DefaultPlugin [roughlyenoughitems]/"
[16:06:02] [Worker-Main-6/DEBUG] [START] Reloading Section: "post-register/DefaultPlugin [roughlyenoughitems]/" done in 20.65 μs
[16:06:02] [Worker-Main-6/DEBUG] [START] Reloading Section: "post-register/JEIExtraPlugin [roughlyenoughitems]/"
[16:06:02] [Worker-Main-6/DEBUG] [START] Reloading Section: "post-register/JEIExtraPlugin [roughlyenoughitems]/" done in 7.735 μs
[16:06:02] [Worker-Main-6/DEBUG] [START] Reloading Section: "post-register/DefaultRuntimePlugin [roughlyenoughitems]/"
[16:06:02] [Worker-Main-6/DEBUG] [START] Reloading Section: "post-register/DefaultRuntimePlugin [roughlyenoughitems]/" done in 7.615 μs
[16:06:02] [Worker-Main-6/DEBUG] [START] Reloading Section: "post-register/" done in 777.3 μs
[16:06:02] [Worker-Main-6/DEBUG] [START] Reloading Section: "post-register/"
[16:06:02] [Worker-Main-6/DEBUG] [START] Reloading Section: "post-register/DefaultPlugin [roughlyenoughitems]/"
[16:06:02] [Worker-Main-6/DEBUG] [START] Reloading Section: "post-register/DefaultPlugin [roughlyenoughitems]/" done in 7.364 μs
[16:06:02] [Worker-Main-6/DEBUG] [START] Reloading Section: "post-register/JEIExtraPlugin [roughlyenoughitems]/"
[16:06:02] [Worker-Main-6/DEBUG] [START] Reloading Section: "post-register/JEIExtraPlugin [roughlyenoughitems]/" done in 6.842 μs
[16:06:02] [Worker-Main-6/DEBUG] [START] Reloading Section: "post-register/DefaultRuntimePlugin [roughlyenoughitems]/"
[16:06:02] [Worker-Main-6/DEBUG] [START] Reloading Section: "post-register/DefaultRuntimePlugin [roughlyenoughitems]/" done in 6.903 μs
[16:06:02] [Worker-Main-6/DEBUG] [START] Reloading Section: "post-register/" done in 466.2 μs
[16:06:02] [Worker-Main-6/DEBUG] [END] Reloading Section: "pre-register/"
[16:06:02] [Worker-Main-6/DEBUG] [END] Reloading Section: "pre-register/DefaultPlugin [roughlyenoughitems]/"
[16:06:02] [Worker-Main-6/DEBUG] [END] Reloading Section: "pre-register/DefaultPlugin [roughlyenoughitems]/" done in 7.625 μs
[16:06:02] [Worker-Main-6/DEBUG] [END] Reloading Section: "pre-register/JEIExtraPlugin [roughlyenoughitems]/"
[16:06:02] [Worker-Main-6/DEBUG] [END] Reloading Section: "pre-register/JEIExtraPlugin [roughlyenoughitems]/" done in 6.993 μs
[16:06:02] [Worker-Main-6/DEBUG] [END] Reloading Section: "pre-register/DefaultRuntimePlugin [roughlyenoughitems]/"
[16:06:02] [Worker-Main-6/DEBUG] [END] Reloading Section: "pre-register/DefaultRuntimePlugin [roughlyenoughitems]/" done in 6.812 μs
[16:06:02] [Worker-Main-6/DEBUG] [END] Reloading Section: "pre-register/" done in 466.5 μs
[16:06:02] [Worker-Main-6/DEBUG] [END] Reloading Section: "pre-register/"
[16:06:02] [Worker-Main-6/DEBUG] [END] Reloading Section: "pre-register/DefaultPlugin [roughlyenoughitems]/"
[16:06:02] [Worker-Main-6/DEBUG] [END] Reloading Section: "pre-register/DefaultPlugin [roughlyenoughitems]/" done in 7.313 μs
[16:06:02] [Worker-Main-6/DEBUG] [END] Reloading Section: "pre-register/JEIExtraPlugin [roughlyenoughitems]/"
[16:06:02] [Worker-Main-6/DEBUG] [END] Reloading Section: "pre-register/JEIExtraPlugin [roughlyenoughitems]/" done in 6.382 μs
[16:06:02] [Worker-Main-6/DEBUG] [END] Reloading Section: "pre-register/DefaultRuntimePlugin [roughlyenoughitems]/"
[16:06:02] [Worker-Main-6/DEBUG] [END] Reloading Section: "pre-register/DefaultRuntimePlugin [roughlyenoughitems]/" done in 6.783 μs
[16:06:02] [Worker-Main-6/DEBUG] [END] Reloading Section: "pre-register/" done in 459.1 μs
[16:06:02] [Worker-Main-6/DEBUG] [END] Reloading Section: "start-reload/"
[16:06:02] [Worker-Main-6/DEBUG] [END] Reloading Section: "start-reload/EntryTypeRegistryImpl/"
[16:06:02] [Worker-Main-6/DEBUG] [END] Reloading Section: "start-reload/EntryTypeRegistryImpl/" done in 6.202 μs
[16:06:02] [Worker-Main-6/DEBUG] [END] Reloading Section: "start-reload/EntrySettingsAdapterRegistryImpl/"
[16:06:02] [Worker-Main-6/DEBUG] [END] Reloading Section: "start-reload/EntrySettingsAdapterRegistryImpl/" done in 14.83 μs
[16:06:02] [Worker-Main-6/DEBUG] [END] Reloading Section: "start-reload/RecipeManagerContextImpl/"
[16:06:02] [Worker-Main-6/DEBUG] [END] Reloading Section: "start-reload/RecipeManagerContextImpl/" done in 7.103 μs
[16:06:02] [Worker-Main-6/DEBUG] [END] Reloading Section: "start-reload/ItemComparatorRegistryImpl/"
[16:06:02] [Worker-Main-6/DEBUG] [END] Reloading Section: "start-reload/ItemComparatorRegistryImpl/" done in 5.861 μs
[16:06:02] [Worker-Main-6/DEBUG] [END] Reloading Section: "start-reload/FluidComparatorRegistryImpl/"
[16:06:02] [Worker-Main-6/DEBUG] [END] Reloading Section: "start-reload/FluidComparatorRegistryImpl/" done in 6.071 μs
[16:06:02] [Worker-Main-6/DEBUG] [END] Reloading Section: "start-reload/DisplaySerializerRegistryImpl/"
[16:06:02] [Worker-Main-6/DEBUG] [END] Reloading Section: "start-reload/DisplaySerializerRegistryImpl/" done in 13.72 μs
[16:06:02] [Worker-Main-6/DEBUG] [END] Reloading Section: "start-reload/FluidSupportProviderImpl/"
[16:06:02] [Worker-Main-6/DEBUG] [END] Reloading Section: "start-reload/FluidSupportProviderImpl/" done in 7.423 μs
[16:06:02] [Worker-Main-6/DEBUG] [END] Reloading Section: "start-reload/" done in 1.094 ms
[16:06:02] [Worker-Main-6/INFO] Reloading Plugin Manager [REIPlugin] stage [END], registered 3 plugins: DefaultRuntimePlugin [roughlyenoughitems], JEIExtraPlugin [roughlyenoughitems], DefaultPlugin [roughlyenoughitems]
[16:06:02] [Worker-Main-6/DEBUG] [END] Reloading Section: "reloadable-plugin/EntryTypeRegistryImpl/"
[16:06:02] [Worker-Main-6/DEBUG] [END] Reloading Section: "reloadable-plugin/EntryTypeRegistryImpl/DefaultPlugin [roughlyenoughitems]/"
[16:06:02] [Worker-Main-6/DEBUG] [END] Reloading Section: "reloadable-plugin/EntryTypeRegistryImpl/DefaultPlugin [roughlyenoughitems]/" done in 10.30 μs
[16:06:02] [Worker-Main-6/DEBUG] [END] Reloading Section: "reloadable-plugin/EntryTypeRegistryImpl/JEIExtraPlugin [roughlyenoughitems]/"
[16:06:02] [Worker-Main-6/DEBUG] [END] Reloading Section: "reloadable-plugin/EntryTypeRegistryImpl/JEIExtraPlugin [roughlyenoughitems]/" done in 10.13 μs
[16:06:02] [Worker-Main-6/DEBUG] [END] Reloading Section: "reloadable-plugin/EntryTypeRegistryImpl/DefaultRuntimePlugin [roughlyenoughitems]/"
[16:06:02] [Worker-Main-6/DEBUG] [END] Reloading Section: "reloadable-plugin/EntryTypeRegistryImpl/DefaultRuntimePlugin [roughlyenoughitems]/" done in 10.65 μs
[16:06:02] [Worker-Main-6/DEBUG] [END] Reloading Section: "reloadable-plugin/EntryTypeRegistryImpl/" done in 531.7 μs
[16:06:02] [Worker-Main-6/DEBUG] [END] Reloading Section: "reloadable-plugin/EntrySettingsAdapterRegistryImpl/"
[16:06:02] [Worker-Main-6/DEBUG] [END] Reloading Section: "reloadable-plugin/EntrySettingsAdapterRegistryImpl/DefaultPlugin [roughlyenoughitems]/"
[16:06:02] [Worker-Main-6/DEBUG] [END] Reloading Section: "reloadable-plugin/EntrySettingsAdapterRegistryImpl/DefaultPlugin [roughlyenoughitems]/" done in 17.18 μs
[16:06:02] [Worker-Main-6/DEBUG] [END] Reloading Section: "reloadable-plugin/EntrySettingsAdapterRegistryImpl/JEIExtraPlugin [roughlyenoughitems]/"
[16:06:02] [Worker-Main-6/DEBUG] [END] Reloading Section: "reloadable-plugin/EntrySettingsAdapterRegistryImpl/JEIExtraPlugin [roughlyenoughitems]/" done in 10.52 μs
[16:06:02] [Worker-Main-6/DEBUG] [END] Reloading Section: "reloadable-plugin/EntrySettingsAdapterRegistryImpl/DefaultRuntimePlugin [roughlyenoughitems]/"
[16:06:02] [Worker-Main-6/DEBUG] [END] Reloading Section: "reloadable-plugin/EntrySettingsAdapterRegistryImpl/DefaultRuntimePlugin [roughlyenoughitems]/" done in 10.13 μs
[16:06:02] [Worker-Main-6/DEBUG] [END] Reloading Section: "reloadable-plugin/EntrySettingsAdapterRegistryImpl/" done in 459.7 μs
[16:06:02] [Worker-Main-6/DEBUG] [END] Reloading Section: "reloadable-plugin/RecipeManagerContextImpl/"
[16:06:02] [Worker-Main-6/DEBUG] [END] Reloading Section: "reloadable-plugin/RecipeManagerContextImpl/DefaultPlugin [roughlyenoughitems]/"
[16:06:02] [Worker-Main-6/DEBUG] [END] Reloading Section: "reloadable-plugin/RecipeManagerContextImpl/DefaultPlugin [roughlyenoughitems]/" done in 11.37 μs
[16:06:02] [Worker-Main-6/DEBUG] [END] Reloading Section: "reloadable-plugin/RecipeManagerContextImpl/JEIExtraPlugin [roughlyenoughitems]/"
[16:06:02] [Worker-Main-6/DEBUG] [END] Reloading Section: "reloadable-plugin/RecipeManagerContextImpl/JEIExtraPlugin [roughlyenoughitems]/" done in 11.00 μs
[16:06:02] [Worker-Main-6/DEBUG] [END] Reloading Section: "reloadable-plugin/RecipeManagerContextImpl/DefaultRuntimePlugin [roughlyenoughitems]/"
[16:06:02] [Worker-Main-6/DEBUG] [END] Reloading Section: "reloadable-plugin/RecipeManagerContextImpl/DefaultRuntimePlugin [roughlyenoughitems]/" done in 10.49 μs
[16:06:02] [Worker-Main-6/DEBUG] [END] Reloading Section: "reloadable-plugin/RecipeManagerContextImpl/" done in 586.1 μs
[16:06:02] [Worker-Main-6/DEBUG] [END] Reloading Section: "reloadable-plugin/ItemComparatorRegistryImpl/"
[16:06:02] [Worker-Main-6/DEBUG] [END] Reloading Section: "reloadable-plugin/ItemComparatorRegistryImpl/DefaultPlugin [roughlyenoughitems]/"
[16:06:02] [Worker-Main-6/DEBUG] [END] Reloading Section: "reloadable-plugin/ItemComparatorRegistryImpl/DefaultPlugin [roughlyenoughitems]/" done in 9.708 μs
[16:06:02] [Worker-Main-6/DEBUG] [END] Reloading Section: "reloadable-plugin/ItemComparatorRegistryImpl/JEIExtraPlugin [roughlyenoughitems]/"
[16:06:02] [Worker-Main-6/DEBUG] [END] Reloading Section: "reloadable-plugin/ItemComparatorRegistryImpl/JEIExtraPlugin [roughlyenoughitems]/" done in 10.22 μs
[16:06:02] [Worker-Main-6/DEBUG] [END] Reloading Section: "reloadable-plugin/ItemComparatorRegistryImpl/DefaultRuntimePlugin [roughlyenoughitems]/"
[16:06:02] [Worker-Main-6/DEBUG] [END] Reloading Section: "reloadable-plugin/ItemComparatorRegistryImpl/DefaultRuntimePlugin [roughlyenoughitems]/" done in 27.90 μs
[16:06:02] [Worker-Main-6/DEBUG] [END] Reloading Section: "reloadable-plugin/ItemComparatorRegistryImpl/" done in 894.6 μs
[16:06:02] [Worker-Main-6/DEBUG] [END] Reloading Section: "reloadable-plugin/FluidComparatorRegistryImpl/"
[16:06:02] [Worker-Main-6/DEBUG] [END] Reloading Section: "reloadable-plugin/FluidComparatorRegistryImpl/DefaultPlugin [roughlyenoughitems]/"
[16:06:02] [Worker-Main-6/DEBUG] [END] Reloading Section: "reloadable-plugin/FluidComparatorRegistryImpl/DefaultPlugin [roughlyenoughitems]/" done in 10.25 μs
[16:06:02] [Worker-Main-6/DEBUG] [END] Reloading Section: "reloadable-plugin/FluidComparatorRegistryImpl/JEIExtraPlugin [roughlyenoughitems]/"
[16:06:02] [Worker-Main-6/DEBUG] [END] Reloading Section: "reloadable-plugin/FluidComparatorRegistryImpl/JEIExtraPlugin [roughlyenoughitems]/" done in 10.39 μs
[16:06:02] [Worker-Main-6/DEBUG] [END] Reloading Section: "reloadable-plugin/FluidComparatorRegistryImpl/DefaultRuntimePlugin [roughlyenoughitems]/"
[16:06:02] [Worker-Main-6/DEBUG] [END] Reloading Section: "reloadable-plugin/FluidComparatorRegistryImpl/DefaultRuntimePlugin [roughlyenoughitems]/" done in 10.57 μs
[16:06:02] [Worker-Main-6/DEBUG] [END] Reloading Section: "reloadable-plugin/FluidComparatorRegistryImpl/" done in 504.5 μs
[16:06:02] [Worker-Main-6/DEBUG] [END] Reloading Section: "reloadable-plugin/DisplaySerializerRegistryImpl/"
[16:06:02] [Worker-Main-6/DEBUG] [END] Reloading Section: "reloadable-plugin/DisplaySerializerRegistryImpl/DefaultPlugin [roughlyenoughitems]/"
[16:06:02] [Worker-Main-6/DEBUG] [END] Reloading Section: "reloadable-plugin/DisplaySerializerRegistryImpl/DefaultPlugin [roughlyenoughitems]/" done in 41.20 ms
[16:06:02] [Worker-Main-6/DEBUG] [END] Reloading Section: "reloadable-plugin/DisplaySerializerRegistryImpl/JEIExtraPlugin [roughlyenoughitems]/"
[16:06:02] [Worker-Main-6/DEBUG] [END] Reloading Section: "reloadable-plugin/DisplaySerializerRegistryImpl/JEIExtraPlugin [roughlyenoughitems]/" done in 18.83 μs
[16:06:02] [Worker-Main-6/DEBUG] [END] Reloading Section: "reloadable-plugin/DisplaySerializerRegistryImpl/DefaultRuntimePlugin [roughlyenoughitems]/"
[16:06:02] [Worker-Main-6/DEBUG] [END] Reloading Section: "reloadable-plugin/DisplaySerializerRegistryImpl/DefaultRuntimePlugin [roughlyenoughitems]/" done in 11.65 μs
[16:06:02] [Worker-Main-6/DEBUG] [END] Reloading Section: "reloadable-plugin/DisplaySerializerRegistryImpl/" done in 41.91 ms
[16:06:02] [Worker-Main-6/DEBUG] [END] Reloading Section: "reloadable-plugin/FluidSupportProviderImpl/"
[16:06:02] [Worker-Main-6/DEBUG] [END] Reloading Section: "reloadable-plugin/FluidSupportProviderImpl/DefaultPlugin [roughlyenoughitems]/"
[16:06:02] [Worker-Main-6/DEBUG] [END] Reloading Section: "reloadable-plugin/FluidSupportProviderImpl/DefaultPlugin [roughlyenoughitems]/" done in 10.22 μs
[16:06:02] [Worker-Main-6/DEBUG] [END] Reloading Section: "reloadable-plugin/FluidSupportProviderImpl/JEIExtraPlugin [roughlyenoughitems]/"
[16:06:02] [Worker-Main-6/DEBUG] [END] Reloading Section: "reloadable-plugin/FluidSupportProviderImpl/JEIExtraPlugin [roughlyenoughitems]/" done in 9.969 μs
[16:06:02] [Worker-Main-6/DEBUG] [END] Reloading Section: "reloadable-plugin/FluidSupportProviderImpl/DefaultRuntimePlugin [roughlyenoughitems]/"
[16:06:02] [Worker-Main-6/DEBUG] [END] Reloading Section: "reloadable-plugin/FluidSupportProviderImpl/DefaultRuntimePlugin [roughlyenoughitems]/" done in 9.909 μs
[16:06:02] [Worker-Main-6/DEBUG] [END] Reloading Section: "reloadable-plugin/FluidSupportProviderImpl/" done in 459.0 μs
[16:06:02] [Worker-Main-6/DEBUG] [END] Reloading Section: "end-reload/"
[16:06:02] [Worker-Main-6/DEBUG] [END] Reloading Section: "end-reload/EntryTypeRegistryImpl/"
[16:06:02] [Worker-Main-6/DEBUG] [END] Reloading Section: "end-reload/EntryTypeRegistryImpl/" done in 6.723 μs
[16:06:02] [Worker-Main-6/DEBUG] [END] Reloading Section: "end-reload/EntrySettingsAdapterRegistryImpl/"
[16:06:02] [Worker-Main-6/DEBUG] [END] Reloading Section: "end-reload/EntrySettingsAdapterRegistryImpl/" done in 6.041 μs
[16:06:02] [Worker-Main-6/DEBUG] [END] Reloading Section: "end-reload/RecipeManagerContextImpl/"
[16:06:02] [Worker-Main-6/DEBUG] [END] Reloading Section: "end-reload/RecipeManagerContextImpl/" done in 5.881 μs
[16:06:02] [Worker-Main-6/DEBUG] [END] Reloading Section: "end-reload/ItemComparatorRegistryImpl/"
[16:06:02] [Worker-Main-6/DEBUG] [END] Reloading Section: "end-reload/ItemComparatorRegistryImpl/" done in 6.182 μs
[16:06:02] [Worker-Main-6/DEBUG] [END] Reloading Section: "end-reload/FluidComparatorRegistryImpl/"
[16:06:02] [Worker-Main-6/DEBUG] [END] Reloading Section: "end-reload/FluidComparatorRegistryImpl/" done in 5.470 μs
[16:06:02] [Worker-Main-6/DEBUG] [END] Reloading Section: "end-reload/DisplaySerializerRegistryImpl/"
[16:06:02] [Worker-Main-6/DEBUG] [END] Reloading Section: "end-reload/DisplaySerializerRegistryImpl/" done in 6.162 μs
[16:06:02] [Worker-Main-6/DEBUG] [END] Reloading Section: "end-reload/FluidSupportProviderImpl/"
[16:06:02] [Worker-Main-6/DEBUG] [END] Reloading Section: "end-reload/FluidSupportProviderImpl/" done in 6.062 μs
[16:06:02] [Worker-Main-6/DEBUG] [END] Reloading Section: "end-reload/" done in 924.3 μs
[16:06:02] [Worker-Main-6/INFO] Reloaded Plugin Manager [REIPlugin] with 2 entry types, 5 item comparators, 0 fluid comparators and 2 fluid support providers in 49ms.
[16:06:02] [Worker-Main-6/DEBUG] [END] Reloading Section: "start-reload/"
[16:06:02] [Worker-Main-6/DEBUG] [END] Reloading Section: "start-reload/MenuInfoRegistryImpl/"
[16:06:02] [Worker-Main-6/DEBUG] [END] Reloading Section: "start-reload/MenuInfoRegistryImpl/" done in 15.86 μs
[16:06:02] [Worker-Main-6/DEBUG] [END] Reloading Section: "start-reload/" done in 175.7 μs
[16:06:02] [Worker-Main-6/INFO] Reloading Plugin Manager [REIServerPlugin] stage [END], registered 3 plugins: DefaultRuntimePlugin [roughlyenoughitems], JEIExtraPlugin [roughlyenoughitems], DefaultPlugin [roughlyenoughitems]
[16:06:02] [Worker-Main-6/DEBUG] [END] Reloading Section: "reloadable-plugin/MenuInfoRegistryImpl/"
[16:06:02] [Worker-Main-6/DEBUG] [END] Reloading Section: "reloadable-plugin/MenuInfoRegistryImpl/DefaultPlugin [roughlyenoughitems]/"
[16:06:02] [Worker-Main-6/DEBUG] [END] Reloading Section: "reloadable-plugin/MenuInfoRegistryImpl/DefaultPlugin [roughlyenoughitems]/" done in 9.113 ms
[16:06:02] [Worker-Main-6/DEBUG] [END] Reloading Section: "reloadable-plugin/MenuInfoRegistryImpl/JEIExtraPlugin [roughlyenoughitems]/"
[16:06:02] [Worker-Main-6/DEBUG] [END] Reloading Section: "reloadable-plugin/MenuInfoRegistryImpl/JEIExtraPlugin [roughlyenoughitems]/" done in 1.243 ms
[16:06:02] [Worker-Main-6/DEBUG] [END] Reloading Section: "reloadable-plugin/MenuInfoRegistryImpl/DefaultRuntimePlugin [roughlyenoughitems]/"
[16:06:02] [Worker-Main-6/DEBUG] [END] Reloading Section: "reloadable-plugin/MenuInfoRegistryImpl/DefaultRuntimePlugin [roughlyenoughitems]/" done in 14.92 μs
[16:06:02] [Worker-Main-6/DEBUG] [END] Reloading Section: "reloadable-plugin/MenuInfoRegistryImpl/" done in 10.94 ms
[16:06:02] [Worker-Main-6/DEBUG] [END] Reloading Section: "end-reload/"
[16:06:02] [Worker-Main-6/DEBUG] [END] Reloading Section: "end-reload/MenuInfoRegistryImpl/"
[16:06:02] [Worker-Main-6/DEBUG] [END] Reloading Section: "end-reload/MenuInfoRegistryImpl/" done in 6.843 μs
[16:06:02] [Worker-Main-6/DEBUG] [END] Reloading Section: "end-reload/" done in 115.6 μs
[16:06:02] [Worker-Main-6/INFO] Reloaded Plugin Manager [REIServerPlugin] with 5 menu infos in 12ms.
[16:06:02] [Worker-Main-6/DEBUG] [END] Reloading Section: "post-register/"
[16:06:02] [Worker-Main-6/DEBUG] [END] Reloading Section: "post-register/DefaultPlugin [roughlyenoughitems]/"
[16:06:02] [Worker-Main-6/DEBUG] [END] Reloading Section: "post-register/DefaultPlugin [roughlyenoughitems]/" done in 15.52 μs
[16:06:02] [Worker-Main-6/DEBUG] [END] Reloading Section: "post-register/JEIExtraPlugin [roughlyenoughitems]/"
[16:06:02] [Worker-Main-6/DEBUG] [END] Reloading Section: "post-register/JEIExtraPlugin [roughlyenoughitems]/" done in 8.014 μs
[16:06:02] [Worker-Main-6/DEBUG] [END] Reloading Section: "post-register/DefaultRuntimePlugin [roughlyenoughitems]/"
[16:06:02] [Worker-Main-6/DEBUG] [END] Reloading Section: "post-register/DefaultRuntimePlugin [roughlyenoughitems]/" done in 7.865 μs
[16:06:02] [Worker-Main-6/DEBUG] [END] Reloading Section: "post-register/" done in 415.6 μs
[16:06:02] [Worker-Main-6/DEBUG] [END] Reloading Section: "post-register/"
[16:06:02] [Worker-Main-6/DEBUG] [END] Reloading Section: "post-register/DefaultPlugin [roughlyenoughitems]/"
[16:06:02] [Worker-Main-6/DEBUG] [END] Reloading Section: "post-register/DefaultPlugin [roughlyenoughitems]/" done in 7.895 μs
[16:06:02] [Worker-Main-6/DEBUG] [END] Reloading Section: "post-register/JEIExtraPlugin [roughlyenoughitems]/"
[16:06:02] [Worker-Main-6/DEBUG] [END] Reloading Section: "post-register/JEIExtraPlugin [roughlyenoughitems]/" done in 7.874 μs
[16:06:02] [Worker-Main-6/DEBUG] [END] Reloading Section: "post-register/DefaultRuntimePlugin [roughlyenoughitems]/"
[16:06:02] [Worker-Main-6/DEBUG] [END] Reloading Section: "post-register/DefaultRuntimePlugin [roughlyenoughitems]/" done in 7.153 μs
[16:06:02] [Worker-Main-6/DEBUG] [END] Reloading Section: "post-register/" done in 387.5 μs
